[debug] [2022-03-10T16:41:50.060Z] ----------------------------------------------------------------------
[debug] [2022-03-10T16:41:50.063Z] Command:       C:\Program Files\nodejs\node.exe C:\Users\apple\AppData\Roaming\npm\node_modules\firebase-tools\lib\bin\firebase.js deploy
[debug] [2022-03-10T16:41:50.064Z] CLI Version:   9.14.0
[debug] [2022-03-10T16:41:50.067Z] Platform:      win32
[debug] [2022-03-10T16:41:50.067Z] Node Version:  v16.13.0
[debug] [2022-03-10T16:41:50.068Z] Time:          Thu Mar 10 2022 17:41:50 GMT+0100 (Central European Standard Time)
[debug] [2022-03-10T16:41:50.068Z] ----------------------------------------------------------------------
[debug] 
[debug] [2022-03-10T16:41:50.079Z] > command requires scopes: ["email","openid","https://www.googleapis.com/auth/cloudplatformprojects.readonly","https://www.googleapis.com/auth/firebase","https://www.googleapis.com/auth/cloud-platform"]
[debug] [2022-03-10T16:41:50.080Z] > authorizing via signed-in user (s.d19941130@gmail.com)
[debug] [2022-03-10T16:41:50.080Z] [iam] checking project goldendao-8f9f8 for permissions ["firebase.projects.get","firebasehosting.sites.update"]
[debug] [2022-03-10T16:41:50.083Z] > refreshing access token with scopes: ["email","https://www.googleapis.com/auth/cloud-platform","https://www.googleapis.com/auth/cloudplatformprojects.readonly","https://www.googleapis.com/auth/firebase","openid"]
[debug] [2022-03-10T16:41:50.083Z] >>> HTTP REQUEST POST https://www.googleapis.com/oauth2/v3/token  
 <request body omitted>
[debug] [2022-03-10T16:41:51.605Z] <<< HTTP RESPONSE 200 {"expires":"Mon, 01 Jan 1990 00:00:00 GMT","cache-control":"no-cache, no-store, max-age=0, must-revalidate","pragma":"no-cache","date":"Thu, 10 Mar 2022 16:42:16 GMT","content-type":"application/json; charset=utf-8","vary":"X-Origin, Referer, Origin,Accept-Encoding","server":"scaffolding on HTTPServer2","x-xss-protection":"0","x-frame-options":"SAMEORIGIN","x-content-type-options":"nosniff","alt-svc":"h3=\":443\"; ma=2592000,h3-29=\":443\"; ma=2592000,h3-Q050=\":443\"; ma=2592000,h3-Q046=\":443\"; ma=2592000,h3-Q043=\":443\"; ma=2592000,quic=\":443\"; ma=2592000; v=\"46,43\"","accept-ranges":"none","transfer-encoding":"chunked"}
[debug] [2022-03-10T16:41:51.783Z] >>> HTTP REQUEST POST https://cloudresourcemanager.googleapis.com/v1/projects/goldendao-8f9f8:testIamPermissions  
 {"permissions":["firebase.projects.get","firebasehosting.sites.update"]}
[debug] [2022-03-10T16:41:53.831Z] [iam] error while checking permissions, command may fail: FirebaseError: Server Error. connect ECONNREFUSED 64.233.164.95:443
[debug] [2022-03-10T16:41:53.834Z] > refreshing access token with scopes: []
[debug] [2022-03-10T16:41:53.834Z] >>> HTTP REQUEST POST https://www.googleapis.com/oauth2/v3/token  
 <request body omitted>
[debug] [2022-03-10T16:41:55.898Z] Authentication Error: Your credentials are no longer valid. Please run firebase login --reauth

For CI servers and headless environments, generate a new token with firebase login:ci
[debug] [2022-03-10T16:41:55.902Z] FirebaseError: Authentication Error: Your credentials are no longer valid. Please run firebase login --reauth

For CI servers and headless environments, generate a new token with firebase login:ci
    at invalidCredentialError (C:\Users\apple\AppData\Roaming\npm\node_modules\firebase-tools\lib\auth.js:141:12)
    at refreshTokens (C:\Users\apple\AppData\Roaming\npm\node_modules\firebase-tools\lib\auth.js:448:15)
    at processTicksAndRejections (node:internal/process/task_queues:96:5)
    at async Client.getAccessToken (C:\Users\apple\AppData\Roaming\npm\node_modules\firebase-tools\lib\apiv2.js:144:23)
    at async Client.addAuthHeader (C:\Users\apple\AppData\Roaming\npm\node_modules\firebase-tools\lib\apiv2.js:135:21)
    at async Client.request (C:\Users\apple\AppData\Roaming\npm\node_modules\firebase-tools\lib\apiv2.js:93:34)
    at async Object.getFirebaseProject (C:\Users\apple\AppData\Roaming\npm\node_modules\firebase-tools\lib\management\projects.js:290:21)
    at async Object.getDefaultHostingSite (C:\Users\apple\AppData\Roaming\npm\node_modules\firebase-tools\lib\getDefaultHostingSite.js:8:21)
    at async requireHostingSite (C:\Users\apple\AppData\Roaming\npm\node_modules\firebase-tools\lib\requireHostingSite.js:9:18)
    at async Object.fn (C:\Users\apple\AppData\Roaming\npm\node_modules\firebase-tools\lib\commands\deploy.js:65:9)
    at async C:\Users\apple\AppData\Roaming\npm\node_modules\firebase-tools\lib\command.js:169:17
[error] 
[error] Error: Failed to get Firebase project goldendao-8f9f8. Please make sure the project exists and your account has permission to access it.
[debug] [2022-03-10T16:41:59.020Z] ----------------------------------------------------------------------
[debug] [2022-03-10T16:41:59.022Z] Command:       C:\Program Files\nodejs\node.exe C:\Users\apple\AppData\Roaming\npm\node_modules\firebase-tools\lib\bin\firebase.js deploy
[debug] [2022-03-10T16:41:59.023Z] CLI Version:   9.14.0
[debug] [2022-03-10T16:41:59.023Z] Platform:      win32
[debug] [2022-03-10T16:41:59.023Z] Node Version:  v16.13.0
[debug] [2022-03-10T16:41:59.025Z] Time:          Thu Mar 10 2022 17:41:59 GMT+0100 (Central European Standard Time)
[debug] [2022-03-10T16:41:59.025Z] ----------------------------------------------------------------------
[debug] 
[debug] [2022-03-10T16:41:59.035Z] > command requires scopes: ["email","openid","https://www.googleapis.com/auth/cloudplatformprojects.readonly","https://www.googleapis.com/auth/firebase","https://www.googleapis.com/auth/cloud-platform"]
[debug] [2022-03-10T16:41:59.035Z] > authorizing via signed-in user (s.d19941130@gmail.com)
[debug] [2022-03-10T16:41:59.035Z] [iam] checking project goldendao-8f9f8 for permissions ["firebase.projects.get","firebasehosting.sites.update"]
[debug] [2022-03-10T16:41:59.038Z] >>> HTTP REQUEST POST https://cloudresourcemanager.googleapis.com/v1/projects/goldendao-8f9f8:testIamPermissions  
 {"permissions":["firebase.projects.get","firebasehosting.sites.update"]}
[debug] [2022-03-10T16:42:01.202Z] [iam] error while checking permissions, command may fail: FirebaseError: Server Error. connect ECONNREFUSED 64.233.164.95:443
[debug] [2022-03-10T16:42:01.204Z] > refreshing access token with scopes: []
[debug] [2022-03-10T16:42:01.204Z] >>> HTTP REQUEST POST https://www.googleapis.com/oauth2/v3/token  
 <request body omitted>
[debug] [2022-03-10T16:42:03.301Z] Authentication Error: Your credentials are no longer valid. Please run firebase login --reauth

For CI servers and headless environments, generate a new token with firebase login:ci
[debug] [2022-03-10T16:42:03.302Z] FirebaseError: Authentication Error: Your credentials are no longer valid. Please run firebase login --reauth

For CI servers and headless environments, generate a new token with firebase login:ci
    at invalidCredentialError (C:\Users\apple\AppData\Roaming\npm\node_modules\firebase-tools\lib\auth.js:141:12)
    at refreshTokens (C:\Users\apple\AppData\Roaming\npm\node_modules\firebase-tools\lib\auth.js:448:15)
    at processTicksAndRejections (node:internal/process/task_queues:96:5)
    at async Client.getAccessToken (C:\Users\apple\AppData\Roaming\npm\node_modules\firebase-tools\lib\apiv2.js:144:23)
    at async Client.addAuthHeader (C:\Users\apple\AppData\Roaming\npm\node_modules\firebase-tools\lib\apiv2.js:135:21)
    at async Client.request (C:\Users\apple\AppData\Roaming\npm\node_modules\firebase-tools\lib\apiv2.js:93:34)
    at async Object.getFirebaseProject (C:\Users\apple\AppData\Roaming\npm\node_modules\firebase-tools\lib\management\projects.js:290:21)
    at async Object.getDefaultHostingSite (C:\Users\apple\AppData\Roaming\npm\node_modules\firebase-tools\lib\getDefaultHostingSite.js:8:21)
    at async requireHostingSite (C:\Users\apple\AppData\Roaming\npm\node_modules\firebase-tools\lib\requireHostingSite.js:9:18)
    at async Object.fn (C:\Users\apple\AppData\Roaming\npm\node_modules\firebase-tools\lib\commands\deploy.js:65:9)
    at async C:\Users\apple\AppData\Roaming\npm\node_modules\firebase-tools\lib\command.js:169:17
[error] 
[error] Error: Failed to get Firebase project goldendao-8f9f8. Please make sure the project exists and your account has permission to access it.
[debug] [2022-03-10T16:42:06.248Z] ----------------------------------------------------------------------
[debug] [2022-03-10T16:42:06.250Z] Command:       C:\Program Files\nodejs\node.exe C:\Users\apple\AppData\Roaming\npm\node_modules\firebase-tools\lib\bin\firebase.js deploy
[debug] [2022-03-10T16:42:06.251Z] CLI Version:   9.14.0
[debug] [2022-03-10T16:42:06.251Z] Platform:      win32
[debug] [2022-03-10T16:42:06.251Z] Node Version:  v16.13.0
[debug] [2022-03-10T16:42:06.252Z] Time:          Thu Mar 10 2022 17:42:06 GMT+0100 (Central European Standard Time)
[debug] [2022-03-10T16:42:06.252Z] ----------------------------------------------------------------------
[debug] 
[debug] [2022-03-10T16:42:06.273Z] > command requires scopes: ["email","openid","https://www.googleapis.com/auth/cloudplatformprojects.readonly","https://www.googleapis.com/auth/firebase","https://www.googleapis.com/auth/cloud-platform"]
[debug] [2022-03-10T16:42:06.274Z] > authorizing via signed-in user (s.d19941130@gmail.com)
[debug] [2022-03-10T16:42:06.274Z] [iam] checking project goldendao-8f9f8 for permissions ["firebase.projects.get","firebasehosting.sites.update"]
[debug] [2022-03-10T16:42:06.278Z] >>> HTTP REQUEST POST https://cloudresourcemanager.googleapis.com/v1/projects/goldendao-8f9f8:testIamPermissions  
 {"permissions":["firebase.projects.get","firebasehosting.sites.update"]}
[debug] [2022-03-10T16:42:08.336Z] <<< HTTP RESPONSE 200 {"content-type":"application/json; charset=UTF-8","vary":"X-Origin, Referer, Origin,Accept-Encoding","date":"Thu, 10 Mar 2022 16:42:32 GMT","server":"ESF","cache-control":"private","x-xss-protection":"0","x-frame-options":"SAMEORIGIN","x-content-type-options":"nosniff","server-timing":"gfet4t7; dur=708","alt-svc":"h3=\":443\"; ma=2592000,h3-29=\":443\"; ma=2592000,h3-Q050=\":443\"; ma=2592000,h3-Q046=\":443\"; ma=2592000,h3-Q043=\":443\"; ma=2592000,quic=\":443\"; ma=2592000; v=\"46,43\"","accept-ranges":"none","transfer-encoding":"chunked"}
[debug] [2022-03-10T16:42:08.338Z] > refreshing access token with scopes: []
[debug] [2022-03-10T16:42:08.338Z] >>> HTTP REQUEST POST https://www.googleapis.com/oauth2/v3/token  
 <request body omitted>
[debug] [2022-03-10T16:42:10.383Z] Authentication Error: Your credentials are no longer valid. Please run firebase login --reauth

For CI servers and headless environments, generate a new token with firebase login:ci
[debug] [2022-03-10T16:42:10.385Z] FirebaseError: Authentication Error: Your credentials are no longer valid. Please run firebase login --reauth

For CI servers and headless environments, generate a new token with firebase login:ci
    at invalidCredentialError (C:\Users\apple\AppData\Roaming\npm\node_modules\firebase-tools\lib\auth.js:141:12)
    at refreshTokens (C:\Users\apple\AppData\Roaming\npm\node_modules\firebase-tools\lib\auth.js:448:15)
    at processTicksAndRejections (node:internal/process/task_queues:96:5)
    at async Client.getAccessToken (C:\Users\apple\AppData\Roaming\npm\node_modules\firebase-tools\lib\apiv2.js:144:23)
    at async Client.addAuthHeader (C:\Users\apple\AppData\Roaming\npm\node_modules\firebase-tools\lib\apiv2.js:135:21)
    at async Client.request (C:\Users\apple\AppData\Roaming\npm\node_modules\firebase-tools\lib\apiv2.js:93:34)
    at async Object.getFirebaseProject (C:\Users\apple\AppData\Roaming\npm\node_modules\firebase-tools\lib\management\projects.js:290:21)
    at async Object.getDefaultHostingSite (C:\Users\apple\AppData\Roaming\npm\node_modules\firebase-tools\lib\getDefaultHostingSite.js:8:21)
    at async requireHostingSite (C:\Users\apple\AppData\Roaming\npm\node_modules\firebase-tools\lib\requireHostingSite.js:9:18)
    at async Object.fn (C:\Users\apple\AppData\Roaming\npm\node_modules\firebase-tools\lib\commands\deploy.js:65:9)
    at async C:\Users\apple\AppData\Roaming\npm\node_modules\firebase-tools\lib\command.js:169:17
[error] 
[error] Error: Failed to get Firebase project goldendao-8f9f8. Please make sure the project exists and your account has permission to access it.
[debug] [2022-03-10T16:42:13.932Z] ----------------------------------------------------------------------
[debug] [2022-03-10T16:42:13.934Z] Command:       C:\Program Files\nodejs\node.exe C:\Users\apple\AppData\Roaming\npm\node_modules\firebase-tools\lib\bin\firebase.js deploy
[debug] [2022-03-10T16:42:13.935Z] CLI Version:   9.14.0
[debug] [2022-03-10T16:42:13.935Z] Platform:      win32
[debug] [2022-03-10T16:42:13.935Z] Node Version:  v16.13.0
[debug] [2022-03-10T16:42:13.936Z] Time:          Thu Mar 10 2022 17:42:13 GMT+0100 (Central European Standard Time)
[debug] [2022-03-10T16:42:13.937Z] ----------------------------------------------------------------------
[debug] 
[debug] [2022-03-10T16:42:13.955Z] > command requires scopes: ["email","openid","https://www.googleapis.com/auth/cloudplatformprojects.readonly","https://www.googleapis.com/auth/firebase","https://www.googleapis.com/auth/cloud-platform"]
[debug] [2022-03-10T16:42:13.956Z] > authorizing via signed-in user (s.d19941130@gmail.com)
[debug] [2022-03-10T16:42:13.956Z] [iam] checking project goldendao-8f9f8 for permissions ["firebase.projects.get","firebasehosting.sites.update"]
[debug] [2022-03-10T16:42:13.959Z] >>> HTTP REQUEST POST https://cloudresourcemanager.googleapis.com/v1/projects/goldendao-8f9f8:testIamPermissions  
 {"permissions":["firebase.projects.get","firebasehosting.sites.update"]}
[debug] [2022-03-10T16:42:19.553Z] [iam] error while checking permissions, command may fail: FirebaseError: Server Error. connect ECONNREFUSED 64.233.164.95:443
[debug] [2022-03-10T16:42:19.554Z] > refreshing access token with scopes: []
[debug] [2022-03-10T16:42:19.554Z] >>> HTTP REQUEST POST https://www.googleapis.com/oauth2/v3/token  
 <request body omitted>
[debug] [2022-03-10T16:42:21.627Z] Authentication Error: Your credentials are no longer valid. Please run firebase login --reauth

For CI servers and headless environments, generate a new token with firebase login:ci
[debug] [2022-03-10T16:42:21.628Z] FirebaseError: Authentication Error: Your credentials are no longer valid. Please run firebase login --reauth

For CI servers and headless environments, generate a new token with firebase login:ci
    at invalidCredentialError (C:\Users\apple\AppData\Roaming\npm\node_modules\firebase-tools\lib\auth.js:141:12)
    at refreshTokens (C:\Users\apple\AppData\Roaming\npm\node_modules\firebase-tools\lib\auth.js:448:15)
    at processTicksAndRejections (node:internal/process/task_queues:96:5)
    at async Client.getAccessToken (C:\Users\apple\AppData\Roaming\npm\node_modules\firebase-tools\lib\apiv2.js:144:23)
    at async Client.addAuthHeader (C:\Users\apple\AppData\Roaming\npm\node_modules\firebase-tools\lib\apiv2.js:135:21)
    at async Client.request (C:\Users\apple\AppData\Roaming\npm\node_modules\firebase-tools\lib\apiv2.js:93:34)
    at async Object.getFirebaseProject (C:\Users\apple\AppData\Roaming\npm\node_modules\firebase-tools\lib\management\projects.js:290:21)
    at async Object.getDefaultHostingSite (C:\Users\apple\AppData\Roaming\npm\node_modules\firebase-tools\lib\getDefaultHostingSite.js:8:21)
    at async requireHostingSite (C:\Users\apple\AppData\Roaming\npm\node_modules\firebase-tools\lib\requireHostingSite.js:9:18)
    at async Object.fn (C:\Users\apple\AppData\Roaming\npm\node_modules\firebase-tools\lib\commands\deploy.js:65:9)
    at async C:\Users\apple\AppData\Roaming\npm\node_modules\firebase-tools\lib\command.js:169:17
[error] 
[error] Error: Failed to get Firebase project goldendao-8f9f8. Please make sure the project exists and your account has permission to access it.
[debug] [2022-03-10T16:42:25.353Z] ----------------------------------------------------------------------
[debug] [2022-03-10T16:42:25.355Z] Command:       C:\Program Files\nodejs\node.exe C:\Users\apple\AppData\Roaming\npm\node_modules\firebase-tools\lib\bin\firebase.js deploy
[debug] [2022-03-10T16:42:25.355Z] CLI Version:   9.14.0
[debug] [2022-03-10T16:42:25.355Z] Platform:      win32
[debug] [2022-03-10T16:42:25.356Z] Node Version:  v16.13.0
[debug] [2022-03-10T16:42:25.357Z] Time:          Thu Mar 10 2022 17:42:25 GMT+0100 (Central European Standard Time)
[debug] [2022-03-10T16:42:25.357Z] ----------------------------------------------------------------------
[debug] 
[debug] [2022-03-10T16:42:25.382Z] > command requires scopes: ["email","openid","https://www.googleapis.com/auth/cloudplatformprojects.readonly","https://www.googleapis.com/auth/firebase","https://www.googleapis.com/auth/cloud-platform"]
[debug] [2022-03-10T16:42:25.383Z] > authorizing via signed-in user (s.d19941130@gmail.com)
[debug] [2022-03-10T16:42:25.383Z] [iam] checking project goldendao-8f9f8 for permissions ["firebase.projects.get","firebasehosting.sites.update"]
[debug] [2022-03-10T16:42:25.386Z] >>> HTTP REQUEST POST https://cloudresourcemanager.googleapis.com/v1/projects/goldendao-8f9f8:testIamPermissions  
 {"permissions":["firebase.projects.get","firebasehosting.sites.update"]}
[debug] [2022-03-10T16:42:27.615Z] <<< HTTP RESPONSE 200 {"content-type":"application/json; charset=UTF-8","vary":"X-Origin, Referer, Origin,Accept-Encoding","date":"Thu, 10 Mar 2022 16:42:52 GMT","server":"ESF","cache-control":"private","x-xss-protection":"0","x-frame-options":"SAMEORIGIN","x-content-type-options":"nosniff","server-timing":"gfet4t7; dur=725","alt-svc":"h3=\":443\"; ma=2592000,h3-29=\":443\"; ma=2592000,h3-Q050=\":443\"; ma=2592000,h3-Q046=\":443\"; ma=2592000,h3-Q043=\":443\"; ma=2592000,quic=\":443\"; ma=2592000; v=\"46,43\"","accept-ranges":"none","transfer-encoding":"chunked"}
[debug] [2022-03-10T16:42:27.617Z] > refreshing access token with scopes: []
[debug] [2022-03-10T16:42:27.617Z] >>> HTTP REQUEST POST https://www.googleapis.com/oauth2/v3/token  
 <request body omitted>
[debug] [2022-03-10T16:42:29.669Z] Authentication Error: Your credentials are no longer valid. Please run firebase login --reauth

For CI servers and headless environments, generate a new token with firebase login:ci
[debug] [2022-03-10T16:42:29.671Z] FirebaseError: Authentication Error: Your credentials are no longer valid. Please run firebase login --reauth

For CI servers and headless environments, generate a new token with firebase login:ci
    at invalidCredentialError (C:\Users\apple\AppData\Roaming\npm\node_modules\firebase-tools\lib\auth.js:141:12)
    at refreshTokens (C:\Users\apple\AppData\Roaming\npm\node_modules\firebase-tools\lib\auth.js:448:15)
    at processTicksAndRejections (node:internal/process/task_queues:96:5)
    at async Client.getAccessToken (C:\Users\apple\AppData\Roaming\npm\node_modules\firebase-tools\lib\apiv2.js:144:23)
    at async Client.addAuthHeader (C:\Users\apple\AppData\Roaming\npm\node_modules\firebase-tools\lib\apiv2.js:135:21)
    at async Client.request (C:\Users\apple\AppData\Roaming\npm\node_modules\firebase-tools\lib\apiv2.js:93:34)
    at async Object.getFirebaseProject (C:\Users\apple\AppData\Roaming\npm\node_modules\firebase-tools\lib\management\projects.js:290:21)
    at async Object.getDefaultHostingSite (C:\Users\apple\AppData\Roaming\npm\node_modules\firebase-tools\lib\getDefaultHostingSite.js:8:21)
    at async requireHostingSite (C:\Users\apple\AppData\Roaming\npm\node_modules\firebase-tools\lib\requireHostingSite.js:9:18)
    at async Object.fn (C:\Users\apple\AppData\Roaming\npm\node_modules\firebase-tools\lib\commands\deploy.js:65:9)
    at async C:\Users\apple\AppData\Roaming\npm\node_modules\firebase-tools\lib\command.js:169:17
[error] 
[error] Error: Failed to get Firebase project goldendao-8f9f8. Please make sure the project exists and your account has permission to access it.
[debug] [2022-03-10T16:42:32.942Z] ----------------------------------------------------------------------
[debug] [2022-03-10T16:42:32.944Z] Command:       C:\Program Files\nodejs\node.exe C:\Users\apple\AppData\Roaming\npm\node_modules\firebase-tools\lib\bin\firebase.js deploy
[debug] [2022-03-10T16:42:32.944Z] CLI Version:   9.14.0
[debug] [2022-03-10T16:42:32.945Z] Platform:      win32
[debug] [2022-03-10T16:42:32.945Z] Node Version:  v16.13.0
[debug] [2022-03-10T16:42:32.947Z] Time:          Thu Mar 10 2022 17:42:32 GMT+0100 (Central European Standard Time)
[debug] [2022-03-10T16:42:32.947Z] ----------------------------------------------------------------------
[debug] 
[debug] [2022-03-10T16:42:32.966Z] > command requires scopes: ["email","openid","https://www.googleapis.com/auth/cloudplatformprojects.readonly","https://www.googleapis.com/auth/firebase","https://www.googleapis.com/auth/cloud-platform"]
[debug] [2022-03-10T16:42:32.967Z] > authorizing via signed-in user (s.d19941130@gmail.com)
[debug] [2022-03-10T16:42:32.967Z] [iam] checking project goldendao-8f9f8 for permissions ["firebase.projects.get","firebasehosting.sites.update"]
[debug] [2022-03-10T16:42:32.969Z] >>> HTTP REQUEST POST https://cloudresourcemanager.googleapis.com/v1/projects/goldendao-8f9f8:testIamPermissions  
 {"permissions":["firebase.projects.get","firebasehosting.sites.update"]}
[debug] [2022-03-10T16:42:34.680Z] <<< HTTP RESPONSE 200 {"content-type":"application/json; charset=UTF-8","vary":"X-Origin, Referer, Origin,Accept-Encoding","date":"Thu, 10 Mar 2022 16:42:59 GMT","server":"ESF","cache-control":"private","x-xss-protection":"0","x-frame-options":"SAMEORIGIN","x-content-type-options":"nosniff","server-timing":"gfet4t7; dur=718","alt-svc":"h3=\":443\"; ma=2592000,h3-29=\":443\"; ma=2592000,h3-Q050=\":443\"; ma=2592000,h3-Q046=\":443\"; ma=2592000,h3-Q043=\":443\"; ma=2592000,quic=\":443\"; ma=2592000; v=\"46,43\"","accept-ranges":"none","transfer-encoding":"chunked"}
[debug] [2022-03-10T16:42:34.682Z] > refreshing access token with scopes: []
[debug] [2022-03-10T16:42:34.683Z] >>> HTTP REQUEST POST https://www.googleapis.com/oauth2/v3/token  
 <request body omitted>
[debug] [2022-03-10T16:42:36.720Z] Authentication Error: Your credentials are no longer valid. Please run firebase login --reauth

For CI servers and headless environments, generate a new token with firebase login:ci
[debug] [2022-03-10T16:42:36.721Z] FirebaseError: Authentication Error: Your credentials are no longer valid. Please run firebase login --reauth

For CI servers and headless environments, generate a new token with firebase login:ci
    at invalidCredentialError (C:\Users\apple\AppData\Roaming\npm\node_modules\firebase-tools\lib\auth.js:141:12)
    at refreshTokens (C:\Users\apple\AppData\Roaming\npm\node_modules\firebase-tools\lib\auth.js:448:15)
    at processTicksAndRejections (node:internal/process/task_queues:96:5)
    at async Client.getAccessToken (C:\Users\apple\AppData\Roaming\npm\node_modules\firebase-tools\lib\apiv2.js:144:23)
    at async Client.addAuthHeader (C:\Users\apple\AppData\Roaming\npm\node_modules\firebase-tools\lib\apiv2.js:135:21)
    at async Client.request (C:\Users\apple\AppData\Roaming\npm\node_modules\firebase-tools\lib\apiv2.js:93:34)
    at async Object.getFirebaseProject (C:\Users\apple\AppData\Roaming\npm\node_modules\firebase-tools\lib\management\projects.js:290:21)
    at async Object.getDefaultHostingSite (C:\Users\apple\AppData\Roaming\npm\node_modules\firebase-tools\lib\getDefaultHostingSite.js:8:21)
    at async requireHostingSite (C:\Users\apple\AppData\Roaming\npm\node_modules\firebase-tools\lib\requireHostingSite.js:9:18)
    at async Object.fn (C:\Users\apple\AppData\Roaming\npm\node_modules\firebase-tools\lib\commands\deploy.js:65:9)
    at async C:\Users\apple\AppData\Roaming\npm\node_modules\firebase-tools\lib\command.js:169:17
[error] 
[error] Error: Failed to get Firebase project goldendao-8f9f8. Please make sure the project exists and your account has permission to access it.
[debug] [2022-03-10T16:42:40.017Z] ----------------------------------------------------------------------
[debug] [2022-03-10T16:42:40.019Z] Command:       C:\Program Files\nodejs\node.exe C:\Users\apple\AppData\Roaming\npm\node_modules\firebase-tools\lib\bin\firebase.js deploy
[debug] [2022-03-10T16:42:40.020Z] CLI Version:   9.14.0
[debug] [2022-03-10T16:42:40.020Z] Platform:      win32
[debug] [2022-03-10T16:42:40.020Z] Node Version:  v16.13.0
[debug] [2022-03-10T16:42:40.021Z] Time:          Thu Mar 10 2022 17:42:40 GMT+0100 (Central European Standard Time)
[debug] [2022-03-10T16:42:40.022Z] ----------------------------------------------------------------------
[debug] 
[debug] [2022-03-10T16:42:40.043Z] > command requires scopes: ["email","openid","https://www.googleapis.com/auth/cloudplatformprojects.readonly","https://www.googleapis.com/auth/firebase","https://www.googleapis.com/auth/cloud-platform"]
[debug] [2022-03-10T16:42:40.043Z] > authorizing via signed-in user (s.d19941130@gmail.com)
[debug] [2022-03-10T16:42:40.043Z] [iam] checking project goldendao-8f9f8 for permissions ["firebase.projects.get","firebasehosting.sites.update"]
[debug] [2022-03-10T16:42:40.046Z] >>> HTTP REQUEST POST https://cloudresourcemanager.googleapis.com/v1/projects/goldendao-8f9f8:testIamPermissions  
 {"permissions":["firebase.projects.get","firebasehosting.sites.update"]}
[debug] [2022-03-10T16:42:42.740Z] <<< HTTP RESPONSE 200 {"content-type":"application/json; charset=UTF-8","vary":"X-Origin, Referer, Origin,Accept-Encoding","date":"Thu, 10 Mar 2022 16:43:07 GMT","server":"ESF","cache-control":"private","x-xss-protection":"0","x-frame-options":"SAMEORIGIN","x-content-type-options":"nosniff","server-timing":"gfet4t7; dur=708","alt-svc":"h3=\":443\"; ma=2592000,h3-29=\":443\"; ma=2592000,h3-Q050=\":443\"; ma=2592000,h3-Q046=\":443\"; ma=2592000,h3-Q043=\":443\"; ma=2592000,quic=\":443\"; ma=2592000; v=\"46,43\"","accept-ranges":"none","transfer-encoding":"chunked"}
[debug] [2022-03-10T16:42:42.743Z] > refreshing access token with scopes: []
[debug] [2022-03-10T16:42:42.743Z] >>> HTTP REQUEST POST https://www.googleapis.com/oauth2/v3/token  
 <request body omitted>
[debug] [2022-03-10T16:42:44.223Z] <<< HTTP RESPONSE 200 {"pragma":"no-cache","cache-control":"no-cache, no-store, max-age=0, must-revalidate","date":"Thu, 10 Mar 2022 16:43:08 GMT","expires":"Mon, 01 Jan 1990 00:00:00 GMT","content-type":"application/json; charset=utf-8","vary":"X-Origin, Referer, Origin,Accept-Encoding","server":"scaffolding on HTTPServer2","x-xss-protection":"0","x-frame-options":"SAMEORIGIN","x-content-type-options":"nosniff","alt-svc":"h3=\":443\"; ma=2592000,h3-29=\":443\"; ma=2592000,h3-Q050=\":443\"; ma=2592000,h3-Q046=\":443\"; ma=2592000,h3-Q043=\":443\"; ma=2592000,quic=\":443\"; ma=2592000; v=\"46,43\"","accept-ranges":"none","transfer-encoding":"chunked"}
[debug] [2022-03-10T16:42:44.411Z] >>> [apiv2][query] GET https://firebase.googleapis.com/v1beta1/projects/goldendao-8f9f8 [none]
[debug] [2022-03-10T16:42:45.597Z] <<< [apiv2][status] GET https://firebase.googleapis.com/v1beta1/projects/goldendao-8f9f8 200
[debug] [2022-03-10T16:42:45.597Z] <<< [apiv2][body] GET https://firebase.googleapis.com/v1beta1/projects/goldendao-8f9f8 {"projectId":"goldendao-8f9f8","projectNumber":"496416734318","displayName":"GoldenDAO","name":"projects/goldendao-8f9f8","resources":{"hostingSite":"goldendao-8f9f8"},"state":"ACTIVE"}
[info] 
[info] === Deploying to 'goldendao-8f9f8'...
[info] 
[info] i  deploying hosting 
[debug] [2022-03-10T16:42:45.606Z] > refreshing access token with scopes: ["email","https://www.googleapis.com/auth/cloud-platform","https://www.googleapis.com/auth/cloudplatformprojects.readonly","https://www.googleapis.com/auth/firebase","openid"]
[debug] [2022-03-10T16:42:45.606Z] >>> HTTP REQUEST POST https://www.googleapis.com/oauth2/v3/token  
 <request body omitted>
[debug] [2022-03-10T16:42:46.069Z] <<< HTTP RESPONSE 200 {"date":"Thu, 10 Mar 2022 16:43:10 GMT","pragma":"no-cache","expires":"Mon, 01 Jan 1990 00:00:00 GMT","cache-control":"no-cache, no-store, max-age=0, must-revalidate","content-type":"application/json; charset=utf-8","vary":"X-Origin, Referer, Origin,Accept-Encoding","server":"scaffolding on HTTPServer2","x-xss-protection":"0","x-frame-options":"SAMEORIGIN","x-content-type-options":"nosniff","alt-svc":"h3=\":443\"; ma=2592000,h3-29=\":443\"; ma=2592000,h3-Q050=\":443\"; ma=2592000,h3-Q046=\":443\"; ma=2592000,h3-Q043=\":443\"; ma=2592000,quic=\":443\"; ma=2592000; v=\"46,43\"","accept-ranges":"none","transfer-encoding":"chunked"}
[debug] [2022-03-10T16:42:46.323Z] >>> HTTP REQUEST POST https://firebasehosting.googleapis.com/v1beta1/sites/goldendao-8f9f8/versions  
 {"config":{},"labels":{"deployment-tool":"cli-firebase"}}
[debug] [2022-03-10T16:42:48.357Z] Error: connect ECONNREFUSED 64.233.164.95:443
    at TCPConnectWrap.afterConnect [as oncomplete] (node:net:1161:16)
[error] 
[error] Error: Server Error. connect ECONNREFUSED 64.233.164.95:443
[debug] [2022-03-10T16:42:51.307Z] ----------------------------------------------------------------------
[debug] [2022-03-10T16:42:51.309Z] Command:       C:\Program Files\nodejs\node.exe C:\Users\apple\AppData\Roaming\npm\node_modules\firebase-tools\lib\bin\firebase.js deploy
[debug] [2022-03-10T16:42:51.309Z] CLI Version:   9.14.0
[debug] [2022-03-10T16:42:51.309Z] Platform:      win32
[debug] [2022-03-10T16:42:51.310Z] Node Version:  v16.13.0
[debug] [2022-03-10T16:42:51.311Z] Time:          Thu Mar 10 2022 17:42:51 GMT+0100 (Central European Standard Time)
[debug] [2022-03-10T16:42:51.311Z] ----------------------------------------------------------------------
[debug] 
[debug] [2022-03-10T16:42:51.330Z] > command requires scopes: ["email","openid","https://www.googleapis.com/auth/cloudplatformprojects.readonly","https://www.googleapis.com/auth/firebase","https://www.googleapis.com/auth/cloud-platform"]
[debug] [2022-03-10T16:42:51.331Z] > authorizing via signed-in user (s.d19941130@gmail.com)
[debug] [2022-03-10T16:42:51.331Z] [iam] checking project goldendao-8f9f8 for permissions ["firebase.projects.get","firebasehosting.sites.update"]
[debug] [2022-03-10T16:42:51.334Z] >>> HTTP REQUEST POST https://cloudresourcemanager.googleapis.com/v1/projects/goldendao-8f9f8:testIamPermissions  
 {"permissions":["firebase.projects.get","firebasehosting.sites.update"]}
[debug] [2022-03-10T16:42:53.030Z] <<< HTTP RESPONSE 200 {"content-type":"application/json; charset=UTF-8","vary":"X-Origin, Referer, Origin,Accept-Encoding","date":"Thu, 10 Mar 2022 16:43:17 GMT","server":"ESF","cache-control":"private","x-xss-protection":"0","x-frame-options":"SAMEORIGIN","x-content-type-options":"nosniff","server-timing":"gfet4t7; dur=716","alt-svc":"h3=\":443\"; ma=2592000,h3-29=\":443\"; ma=2592000,h3-Q050=\":443\"; ma=2592000,h3-Q046=\":443\"; ma=2592000,h3-Q043=\":443\"; ma=2592000,quic=\":443\"; ma=2592000; v=\"46,43\"","accept-ranges":"none","transfer-encoding":"chunked"}
[debug] [2022-03-10T16:42:53.035Z] > refreshing access token with scopes: []
[debug] [2022-03-10T16:42:53.035Z] >>> HTTP REQUEST POST https://www.googleapis.com/oauth2/v3/token  
 <request body omitted>
[debug] [2022-03-10T16:42:54.508Z] <<< HTTP RESPONSE 200 {"expires":"Mon, 01 Jan 1990 00:00:00 GMT","pragma":"no-cache","cache-control":"no-cache, no-store, max-age=0, must-revalidate","date":"Thu, 10 Mar 2022 16:43:18 GMT","content-type":"application/json; charset=utf-8","vary":"X-Origin, Referer, Origin,Accept-Encoding","server":"scaffolding on HTTPServer2","x-xss-protection":"0","x-frame-options":"SAMEORIGIN","x-content-type-options":"nosniff","alt-svc":"h3=\":443\"; ma=2592000,h3-29=\":443\"; ma=2592000,h3-Q050=\":443\"; ma=2592000,h3-Q046=\":443\"; ma=2592000,h3-Q043=\":443\"; ma=2592000,quic=\":443\"; ma=2592000; v=\"46,43\"","accept-ranges":"none","transfer-encoding":"chunked"}
[debug] [2022-03-10T16:42:54.742Z] >>> [apiv2][query] GET https://firebase.googleapis.com/v1beta1/projects/goldendao-8f9f8 [none]
[debug] [2022-03-10T16:42:55.958Z] <<< [apiv2][status] GET https://firebase.googleapis.com/v1beta1/projects/goldendao-8f9f8 200
[debug] [2022-03-10T16:42:55.959Z] <<< [apiv2][body] GET https://firebase.googleapis.com/v1beta1/projects/goldendao-8f9f8 {"projectId":"goldendao-8f9f8","projectNumber":"496416734318","displayName":"GoldenDAO","name":"projects/goldendao-8f9f8","resources":{"hostingSite":"goldendao-8f9f8"},"state":"ACTIVE"}
[info] 
[info] === Deploying to 'goldendao-8f9f8'...
[info] 
[info] i  deploying hosting 
[debug] [2022-03-10T16:42:55.975Z] > refreshing access token with scopes: ["email","https://www.googleapis.com/auth/cloud-platform","https://www.googleapis.com/auth/cloudplatformprojects.readonly","https://www.googleapis.com/auth/firebase","openid"]
[debug] [2022-03-10T16:42:55.976Z] >>> HTTP REQUEST POST https://www.googleapis.com/oauth2/v3/token  
 <request body omitted>
[debug] [2022-03-10T16:42:56.963Z] <<< HTTP RESPONSE 200 {"expires":"Mon, 01 Jan 1990 00:00:00 GMT","date":"Thu, 10 Mar 2022 16:43:21 GMT","cache-control":"no-cache, no-store, max-age=0, must-revalidate","pragma":"no-cache","content-type":"application/json; charset=utf-8","vary":"X-Origin, Referer, Origin,Accept-Encoding","server":"scaffolding on HTTPServer2","x-xss-protection":"0","x-frame-options":"SAMEORIGIN","x-content-type-options":"nosniff","alt-svc":"h3=\":443\"; ma=2592000,h3-29=\":443\"; ma=2592000,h3-Q050=\":443\"; ma=2592000,h3-Q046=\":443\"; ma=2592000,h3-Q043=\":443\"; ma=2592000,quic=\":443\"; ma=2592000; v=\"46,43\"","accept-ranges":"none","transfer-encoding":"chunked"}
[debug] [2022-03-10T16:42:57.122Z] >>> HTTP REQUEST POST https://firebasehosting.googleapis.com/v1beta1/sites/goldendao-8f9f8/versions  
 {"config":{},"labels":{"deployment-tool":"cli-firebase"}}
[debug] [2022-03-10T16:42:59.971Z] <<< HTTP RESPONSE 200 {"content-type":"application/json; charset=UTF-8","vary":"X-Origin, Referer, Origin,Accept-Encoding","date":"Thu, 10 Mar 2022 16:43:24 GMT","server":"ESF","cache-control":"private","x-xss-protection":"0","x-frame-options":"SAMEORIGIN","x-content-type-options":"nosniff","alt-svc":"h3=\":443\"; ma=2592000,h3-29=\":443\"; ma=2592000,h3-Q050=\":443\"; ma=2592000,h3-Q046=\":443\"; ma=2592000,h3-Q043=\":443\"; ma=2592000,quic=\":443\"; ma=2592000; v=\"46,43\"","accept-ranges":"none","transfer-encoding":"chunked"}
[info] i  hosting[goldendao-8f9f8]: beginning deploy... 
[info] i  hosting[goldendao-8f9f8]: found 45 files in out 
[debug] [2022-03-10T16:43:00.019Z] > refreshing access token with scopes: []
[debug] [2022-03-10T16:43:00.019Z] >>> HTTP REQUEST POST https://www.googleapis.com/oauth2/v3/token  
 <request body omitted>
[debug] [2022-03-10T16:43:00.022Z] [hosting] hash cache [b3V0] stored for 45 files
[debug] [2022-03-10T16:43:00.022Z] [hosting][hash queue][FINAL] {"max":5,"min":1,"avg":1,"active":0,"complete":45,"success":45,"errored":0,"retried":0,"total":45,"elapsed":8}
[debug] [2022-03-10T16:43:02.502Z] [populateQueue] Retrying task index 0
[debug] [2022-03-10T16:43:02.503Z] > refreshing access token with scopes: []
[debug] [2022-03-10T16:43:02.504Z] >>> HTTP REQUEST POST https://www.googleapis.com/oauth2/v3/token  
 <request body omitted>
[debug] [2022-03-10T16:43:03.658Z] <<< HTTP RESPONSE 200 {"date":"Thu, 10 Mar 2022 16:43:28 GMT","cache-control":"no-cache, no-store, max-age=0, must-revalidate","expires":"Mon, 01 Jan 1990 00:00:00 GMT","pragma":"no-cache","content-type":"application/json; charset=utf-8","vary":"X-Origin, Referer, Origin,Accept-Encoding","server":"scaffolding on HTTPServer2","x-xss-protection":"0","x-frame-options":"SAMEORIGIN","x-content-type-options":"nosniff","alt-svc":"h3=\":443\"; ma=2592000,h3-29=\":443\"; ma=2592000,h3-Q050=\":443\"; ma=2592000,h3-Q046=\":443\"; ma=2592000,h3-Q043=\":443\"; ma=2592000,quic=\":443\"; ma=2592000; v=\"46,43\"","accept-ranges":"none","transfer-encoding":"chunked"}
[debug] [2022-03-10T16:43:03.750Z] >>> [apiv2][query] POST https://firebasehosting.googleapis.com/v1beta1/sites/goldendao-8f9f8/versions/6b150083b23c3e37:populateFiles [none]
[debug] [2022-03-10T16:43:03.750Z] >>> [apiv2][body] POST https://firebasehosting.googleapis.com/v1beta1/sites/goldendao-8f9f8/versions/6b150083b23c3e37:populateFiles {"files":{"/404.html":"993386f7d4586361d22a128e5257ef7978cc94e0e6df7780c2bf57d06124d098","/404.html.html":"993386f7d4586361d22a128e5257ef7978cc94e0e6df7780c2bf57d06124d098","/andrew-yang-golden-dao.mov":"4e1a117f9d595ab10b680cb6250d2112c6e08710b337b2da6d76a7d43f6137fb","/favicon.ico":"93f2d70d41a1277d83e26edd8c1ee84a4b5bb01c9757c5950781b633ac2acdb8","/gd-token.mp4":"9f5657298540cbbcbe131b2721886dd0ced3cb56d79cd46d03ab7acf04ace455","/index.html":"5a1849caa434c61c7fbbb4e232db62a113de8d202226d2c14e07334a2a467154","/nft.html":"3a3d6a38a0effccba583bd5b00b838832d6ddb39b98b2538137e8267612dec98","/vercel.svg":"addb1409a65d5b908722a90e27a4c53d11cfd5f15acb97fd24e7e6369c1485ae","/viewer/ring-1.JPG":"cfadfa33bde0b6238beac2d731d3a682041be0e1ff78d5c9ac6f553d53f44aaf","/viewer/ring-2.JPG":"2f4911816a5d074bf4892e8b60fe61ff184caffc5b156d15c29c4cf1d0e2ca90","/viewer/ring-3.JPG":"91f2c3b6eb0b7af1e932b5d1749b5640e5199b5b3b3eee19dbaa88c1f271fc01","/_next/static/chunks/730-a8fbbf39f31f7d80.js":"4981b1e2161d1369a9f0096b03918bbdd6e9b40df5de4ff97aac4d88628872f9","/_next/static/chunks/893.e76482412dcdc42c.js":"0c5dd417539e8d65706b18ad31d838783bab787411181ce3d745b9195123a16b","/_next/static/chunks/framework-bb5c596eafb42b22.js":"790ad008fd9126a4e27a91c1c27b75744fea1bb4ea91baee07883b8ec8939262","/_next/static/chunks/main-5330ff34da60cb30.js":"1ebc85ce0e9fe97f2a996955e9978f72d81af191165cab51ab409fe26dd2920a","/_next/static/chunks/polyfills-5cd94c89d3acac5f.js":"e1731cfee79352040164e6f3ed4da821cd731b74921e5811b02f3715db413294","/_next/static/chunks/webpack-950f21e6a7682ba7.js":"0c23cc00c2341024818a718d3f26f5f609c383cdee9b60a477b5d517df121ead","/_next/static/chunks/pages/index-4019a137a40e7689.js":"11481e8790eccb4df06e09d71d298c05f8e6060670e6448dc70b4dd219dd387c","/_next/static/chunks/pages/nft-3d0916412b1df37b.js":"ebe647a0a1d68ef09f43b9acaada14f2ffb0b60eff0a03b40c51b15f00fc5581","/_next/static/chunks/pages/_app-f26a7dc6f386c630.js":"7b5dd504be7c70a3e7c8cd95fa52a14b4d9c12aaafb9b4cc95146f5bfbcd1e65","/_next/static/chunks/pages/_error-a3f18418a2205cb8.js":"3a2793914da66308e81a149c65cf6b8cdd1e395995fe20b511f8a67ce7a51e27","/_next/static/css/c3e67bea1fd856c0.css":"72220f5d416c6ad9381e2f81c1ecefbcd2f1a1286c6fc6f731843bdb90e825ac","/_next/static/css/e41f0a71ad5bda26.css":"611d075a3343a40ede588c2a573abfc802ff069ce3cff90bff6f9bcc48f09ead","/_next/static/media/cofounder_bg.02f4b3d8.png":"d7dc46de5e218cff0b2f0d7728819383bed883832772d48bba7483091d37fdbf","/_next/static/media/community_bg.e0fc6da1.png":"d06c96586852dbf2e023178908379eadf3e0f7c30bc3b603d7e931408f11bced","/_next/static/media/discord.b8f0591c.svg":"fb72347a6332482c422e5296f34c4ef66a38c6b3c7e3f4ea189bd1ec6fb3ab4e","/_next/static/media/discord1.21509d15.svg":"888e5489c1d32f8068d08536adf7795b1eb26c3505f02c683c891af6a7a46adf","/_next/static/media/ethnocentric-rg.96084058.ttf":"72640405e83ad38896ff7969b96ebead18209fb8c3c998e49059a8e582fe3f07","/_next/static/media/instagram.1e63091b.svg":"fc620536563e463f49c4c66eff4817904d1c5adfe9b814956e1497298e963c63","/_next/static/media/logo-mark.4eb95470.png":"d33f5a28acf36f06b482fcf8722aa0aaee7d222c513cfc9e02902afe3b7fdf0c","/_next/static/media/logo.f03f2451.png":"d53427ceaa4c791a3f7df1ff2e2217ed54cdd59fc8ebf07246ba46f7033ac0d1","/_next/static/media/logo2.0fcc7f8e.png":"a6a46798be053eb94a3e9f92ab76a82bcb6855199baed0de174f30c1493bc92a","/_next/static/media/ring-1.23584eb5.JPG":"cfadfa33bde0b6238beac2d731d3a682041be0e1ff78d5c9ac6f553d53f44aaf","/_next/static/media/ring-2.a997b5d0.JPG":"2f4911816a5d074bf4892e8b60fe61ff184caffc5b156d15c29c4cf1d0e2ca90","/_next/static/media/ring-3.a290be05.JPG":"91f2c3b6eb0b7af1e932b5d1749b5640e5199b5b3b3eee19dbaa88c1f271fc01","/_next/static/media/roadmap_bg.8fab8245.png":"e7b98655a8b04c5e04725af4441db409af272a25c33494f5fd87cfba406cdf9c","/_next/static/media/source-code-pro-italic.0031449f.ttf":"570e8f8b0ca5bb9fc26d567166ec9e2f3c9190561bc91f3e7855eff4ef0a924c","/_next/static/media/source-code-pro.47ca52ce.ttf":"1753b295ef384c13149576c8172de5b64f4973f065f2057a556de8e3358bd94f","/_next/static/media/tiger.716de714.png":"cbdb6f27a9f382d3738f26bb172c9383e8426267db4708b4b1655c4be86fd339","/_next/static/media/twitter.29e7ad0f.svg":"dcd9ec20d33bb5eeec0ff79af51779efdacff50c7153eb62109be436913a4272","/_next/static/media/twitter_white.c1627ec9.svg":"e0e55160a9359f744ff796654d185f3679b943d0009ce824bf6f721b1f33cee3","/_next/static/media/video_bg.7d5c6e6b.png":"f3fc6a2aac2f4a13ecc4fdd001a97511c64409c39e1a43e731fc7e263f94b550","/_next/static/N9INtNa6YLM3XwQ04YTlq/_buildManifest.js":"a8434b7fe33dacea658f14442849c29e745ee28e1556ca4fa557c7dfe7bd6f75","/_next/static/N9INtNa6YLM3XwQ04YTlq/_middlewareManifest.js":"7ffe5abf4e4bc146784f4bed8af9def708098f20983e9d0f21a6857be2613276","/_next/static/N9INtNa6YLM3XwQ04YTlq/_ssgManifest.js":"f73bbe5888d285cbab0ee19990a0d9db0b352fa3dfd30959d64a2bc66422d35c"}}
[debug] [2022-03-10T16:43:06.673Z] [populateQueue] Retrying task index 0
[debug] [2022-03-10T16:43:06.674Z] >>> [apiv2][query] POST https://firebasehosting.googleapis.com/v1beta1/sites/goldendao-8f9f8/versions/6b150083b23c3e37:populateFiles [none]
[debug] [2022-03-10T16:43:06.674Z] >>> [apiv2][body] POST https://firebasehosting.googleapis.com/v1beta1/sites/goldendao-8f9f8/versions/6b150083b23c3e37:populateFiles {"files":{"/404.html":"993386f7d4586361d22a128e5257ef7978cc94e0e6df7780c2bf57d06124d098","/404.html.html":"993386f7d4586361d22a128e5257ef7978cc94e0e6df7780c2bf57d06124d098","/andrew-yang-golden-dao.mov":"4e1a117f9d595ab10b680cb6250d2112c6e08710b337b2da6d76a7d43f6137fb","/favicon.ico":"93f2d70d41a1277d83e26edd8c1ee84a4b5bb01c9757c5950781b633ac2acdb8","/gd-token.mp4":"9f5657298540cbbcbe131b2721886dd0ced3cb56d79cd46d03ab7acf04ace455","/index.html":"5a1849caa434c61c7fbbb4e232db62a113de8d202226d2c14e07334a2a467154","/nft.html":"3a3d6a38a0effccba583bd5b00b838832d6ddb39b98b2538137e8267612dec98","/vercel.svg":"addb1409a65d5b908722a90e27a4c53d11cfd5f15acb97fd24e7e6369c1485ae","/viewer/ring-1.JPG":"cfadfa33bde0b6238beac2d731d3a682041be0e1ff78d5c9ac6f553d53f44aaf","/viewer/ring-2.JPG":"2f4911816a5d074bf4892e8b60fe61ff184caffc5b156d15c29c4cf1d0e2ca90","/viewer/ring-3.JPG":"91f2c3b6eb0b7af1e932b5d1749b5640e5199b5b3b3eee19dbaa88c1f271fc01","/_next/static/chunks/730-a8fbbf39f31f7d80.js":"4981b1e2161d1369a9f0096b03918bbdd6e9b40df5de4ff97aac4d88628872f9","/_next/static/chunks/893.e76482412dcdc42c.js":"0c5dd417539e8d65706b18ad31d838783bab787411181ce3d745b9195123a16b","/_next/static/chunks/framework-bb5c596eafb42b22.js":"790ad008fd9126a4e27a91c1c27b75744fea1bb4ea91baee07883b8ec8939262","/_next/static/chunks/main-5330ff34da60cb30.js":"1ebc85ce0e9fe97f2a996955e9978f72d81af191165cab51ab409fe26dd2920a","/_next/static/chunks/polyfills-5cd94c89d3acac5f.js":"e1731cfee79352040164e6f3ed4da821cd731b74921e5811b02f3715db413294","/_next/static/chunks/webpack-950f21e6a7682ba7.js":"0c23cc00c2341024818a718d3f26f5f609c383cdee9b60a477b5d517df121ead","/_next/static/chunks/pages/index-4019a137a40e7689.js":"11481e8790eccb4df06e09d71d298c05f8e6060670e6448dc70b4dd219dd387c","/_next/static/chunks/pages/nft-3d0916412b1df37b.js":"ebe647a0a1d68ef09f43b9acaada14f2ffb0b60eff0a03b40c51b15f00fc5581","/_next/static/chunks/pages/_app-f26a7dc6f386c630.js":"7b5dd504be7c70a3e7c8cd95fa52a14b4d9c12aaafb9b4cc95146f5bfbcd1e65","/_next/static/chunks/pages/_error-a3f18418a2205cb8.js":"3a2793914da66308e81a149c65cf6b8cdd1e395995fe20b511f8a67ce7a51e27","/_next/static/css/c3e67bea1fd856c0.css":"72220f5d416c6ad9381e2f81c1ecefbcd2f1a1286c6fc6f731843bdb90e825ac","/_next/static/css/e41f0a71ad5bda26.css":"611d075a3343a40ede588c2a573abfc802ff069ce3cff90bff6f9bcc48f09ead","/_next/static/media/cofounder_bg.02f4b3d8.png":"d7dc46de5e218cff0b2f0d7728819383bed883832772d48bba7483091d37fdbf","/_next/static/media/community_bg.e0fc6da1.png":"d06c96586852dbf2e023178908379eadf3e0f7c30bc3b603d7e931408f11bced","/_next/static/media/discord.b8f0591c.svg":"fb72347a6332482c422e5296f34c4ef66a38c6b3c7e3f4ea189bd1ec6fb3ab4e","/_next/static/media/discord1.21509d15.svg":"888e5489c1d32f8068d08536adf7795b1eb26c3505f02c683c891af6a7a46adf","/_next/static/media/ethnocentric-rg.96084058.ttf":"72640405e83ad38896ff7969b96ebead18209fb8c3c998e49059a8e582fe3f07","/_next/static/media/instagram.1e63091b.svg":"fc620536563e463f49c4c66eff4817904d1c5adfe9b814956e1497298e963c63","/_next/static/media/logo-mark.4eb95470.png":"d33f5a28acf36f06b482fcf8722aa0aaee7d222c513cfc9e02902afe3b7fdf0c","/_next/static/media/logo.f03f2451.png":"d53427ceaa4c791a3f7df1ff2e2217ed54cdd59fc8ebf07246ba46f7033ac0d1","/_next/static/media/logo2.0fcc7f8e.png":"a6a46798be053eb94a3e9f92ab76a82bcb6855199baed0de174f30c1493bc92a","/_next/static/media/ring-1.23584eb5.JPG":"cfadfa33bde0b6238beac2d731d3a682041be0e1ff78d5c9ac6f553d53f44aaf","/_next/static/media/ring-2.a997b5d0.JPG":"2f4911816a5d074bf4892e8b60fe61ff184caffc5b156d15c29c4cf1d0e2ca90","/_next/static/media/ring-3.a290be05.JPG":"91f2c3b6eb0b7af1e932b5d1749b5640e5199b5b3b3eee19dbaa88c1f271fc01","/_next/static/media/roadmap_bg.8fab8245.png":"e7b98655a8b04c5e04725af4441db409af272a25c33494f5fd87cfba406cdf9c","/_next/static/media/source-code-pro-italic.0031449f.ttf":"570e8f8b0ca5bb9fc26d567166ec9e2f3c9190561bc91f3e7855eff4ef0a924c","/_next/static/media/source-code-pro.47ca52ce.ttf":"1753b295ef384c13149576c8172de5b64f4973f065f2057a556de8e3358bd94f","/_next/static/media/tiger.716de714.png":"cbdb6f27a9f382d3738f26bb172c9383e8426267db4708b4b1655c4be86fd339","/_next/static/media/twitter.29e7ad0f.svg":"dcd9ec20d33bb5eeec0ff79af51779efdacff50c7153eb62109be436913a4272","/_next/static/media/twitter_white.c1627ec9.svg":"e0e55160a9359f744ff796654d185f3679b943d0009ce824bf6f721b1f33cee3","/_next/static/media/video_bg.7d5c6e6b.png":"f3fc6a2aac2f4a13ecc4fdd001a97511c64409c39e1a43e731fc7e263f94b550","/_next/static/N9INtNa6YLM3XwQ04YTlq/_buildManifest.js":"a8434b7fe33dacea658f14442849c29e745ee28e1556ca4fa557c7dfe7bd6f75","/_next/static/N9INtNa6YLM3XwQ04YTlq/_middlewareManifest.js":"7ffe5abf4e4bc146784f4bed8af9def708098f20983e9d0f21a6857be2613276","/_next/static/N9INtNa6YLM3XwQ04YTlq/_ssgManifest.js":"f73bbe5888d285cbab0ee19990a0d9db0b352fa3dfd30959d64a2bc66422d35c"}}
[debug] [2022-03-10T16:43:10.543Z] <<< [apiv2][status] POST https://firebasehosting.googleapis.com/v1beta1/sites/goldendao-8f9f8/versions/6b150083b23c3e37:populateFiles 200
[debug] [2022-03-10T16:43:10.544Z] <<< [apiv2][body] POST https://firebasehosting.googleapis.com/v1beta1/sites/goldendao-8f9f8/versions/6b150083b23c3e37:populateFiles {"uploadUrl":"https://upload-firebasehosting.googleapis.com/upload/sites/goldendao-8f9f8/versions/6b150083b23c3e37/files"}
[debug] [2022-03-10T16:43:10.544Z] [hosting][populate queue][FINAL] {"max":3871,"min":3871,"avg":3871,"active":0,"complete":1,"success":1,"errored":0,"retried":2,"total":1,"elapsed":10525}
[debug] [2022-03-10T16:43:10.545Z] [hosting] uploads queued: 0
[debug] [2022-03-10T16:43:10.545Z] [hosting][upload queue][FINAL] {"max":0,"min":9999999999,"avg":0,"active":0,"complete":0,"success":0,"errored":0,"retried":0,"total":0,"elapsed":1646930590545}
[info] +  hosting[goldendao-8f9f8]: file upload complete 
[debug] [2022-03-10T16:43:10.546Z] [hosting] deploy completed after 10573ms
[debug] [2022-03-10T16:43:10.547Z] [
  {
    "config": {
      "public": "out",
      "ignore": [
        "firebase.json",
        "**/.*",
        "**/node_modules/**"
      ],
      "site": "goldendao-8f9f8"
    },
    "site": "goldendao-8f9f8",
    "version": "sites/goldendao-8f9f8/versions/6b150083b23c3e37"
  }
]
[info] i  hosting[goldendao-8f9f8]: finalizing version... 
[debug] [2022-03-10T16:43:10.549Z] > refreshing access token with scopes: ["email","https://www.googleapis.com/auth/cloud-platform","https://www.googleapis.com/auth/cloudplatformprojects.readonly","https://www.googleapis.com/auth/firebase","openid"]
[debug] [2022-03-10T16:43:10.549Z] >>> HTTP REQUEST POST https://www.googleapis.com/oauth2/v3/token  
 <request body omitted>
[debug] [2022-03-10T16:43:13.150Z] <<< HTTP RESPONSE 200 {"cache-control":"no-cache, no-store, max-age=0, must-revalidate","date":"Thu, 10 Mar 2022 16:43:37 GMT","expires":"Mon, 01 Jan 1990 00:00:00 GMT","pragma":"no-cache","content-type":"application/json; charset=utf-8","vary":"X-Origin, Referer, Origin,Accept-Encoding","server":"scaffolding on HTTPServer2","x-xss-protection":"0","x-frame-options":"SAMEORIGIN","x-content-type-options":"nosniff","alt-svc":"h3=\":443\"; ma=2592000,h3-29=\":443\"; ma=2592000,h3-Q050=\":443\"; ma=2592000,h3-Q046=\":443\"; ma=2592000,h3-Q043=\":443\"; ma=2592000,quic=\":443\"; ma=2592000; v=\"46,43\"","accept-ranges":"none","transfer-encoding":"chunked"}
[debug] [2022-03-10T16:43:13.271Z] >>> HTTP REQUEST PATCH https://firebasehosting.googleapis.com/v1beta1/sites/goldendao-8f9f8/versions/6b150083b23c3e37?updateMask=status  
 {"status":"FINALIZED"}
[debug] [2022-03-10T16:43:15.400Z] Error: connect ECONNREFUSED 64.233.164.95:443
    at TCPConnectWrap.afterConnect [as oncomplete] (node:net:1161:16)
[error] 
[error] Error: Server Error. connect ECONNREFUSED 64.233.164.95:443
[debug] [2022-03-10T16:43:18.177Z] ----------------------------------------------------------------------
[debug] [2022-03-10T16:43:18.179Z] Command:       C:\Program Files\nodejs\node.exe C:\Users\apple\AppData\Roaming\npm\node_modules\firebase-tools\lib\bin\firebase.js deploy
[debug] [2022-03-10T16:43:18.179Z] CLI Version:   9.14.0
[debug] [2022-03-10T16:43:18.179Z] Platform:      win32
[debug] [2022-03-10T16:43:18.180Z] Node Version:  v16.13.0
[debug] [2022-03-10T16:43:18.180Z] Time:          Thu Mar 10 2022 17:43:18 GMT+0100 (Central European Standard Time)
[debug] [2022-03-10T16:43:18.181Z] ----------------------------------------------------------------------
[debug] 
[debug] [2022-03-10T16:43:18.199Z] > command requires scopes: ["email","openid","https://www.googleapis.com/auth/cloudplatformprojects.readonly","https://www.googleapis.com/auth/firebase","https://www.googleapis.com/auth/cloud-platform"]
[debug] [2022-03-10T16:43:18.199Z] > authorizing via signed-in user (s.d19941130@gmail.com)
[debug] [2022-03-10T16:43:18.199Z] [iam] checking project goldendao-8f9f8 for permissions ["firebase.projects.get","firebasehosting.sites.update"]
[debug] [2022-03-10T16:43:18.202Z] >>> HTTP REQUEST POST https://cloudresourcemanager.googleapis.com/v1/projects/goldendao-8f9f8:testIamPermissions  
 {"permissions":["firebase.projects.get","firebasehosting.sites.update"]}
[debug] [2022-03-10T16:43:20.289Z] [iam] error while checking permissions, command may fail: FirebaseError: Server Error. connect ECONNREFUSED 64.233.164.95:443
[debug] [2022-03-10T16:43:20.292Z] > refreshing access token with scopes: []
[debug] [2022-03-10T16:43:20.292Z] >>> HTTP REQUEST POST https://www.googleapis.com/oauth2/v3/token  
 <request body omitted>
[debug] [2022-03-10T16:43:22.360Z] Authentication Error: Your credentials are no longer valid. Please run firebase login --reauth

For CI servers and headless environments, generate a new token with firebase login:ci
[debug] [2022-03-10T16:43:22.362Z] FirebaseError: Authentication Error: Your credentials are no longer valid. Please run firebase login --reauth

For CI servers and headless environments, generate a new token with firebase login:ci
    at invalidCredentialError (C:\Users\apple\AppData\Roaming\npm\node_modules\firebase-tools\lib\auth.js:141:12)
    at refreshTokens (C:\Users\apple\AppData\Roaming\npm\node_modules\firebase-tools\lib\auth.js:448:15)
    at processTicksAndRejections (node:internal/process/task_queues:96:5)
    at async Client.getAccessToken (C:\Users\apple\AppData\Roaming\npm\node_modules\firebase-tools\lib\apiv2.js:144:23)
    at async Client.addAuthHeader (C:\Users\apple\AppData\Roaming\npm\node_modules\firebase-tools\lib\apiv2.js:135:21)
    at async Client.request (C:\Users\apple\AppData\Roaming\npm\node_modules\firebase-tools\lib\apiv2.js:93:34)
    at async Object.getFirebaseProject (C:\Users\apple\AppData\Roaming\npm\node_modules\firebase-tools\lib\management\projects.js:290:21)
    at async Object.getDefaultHostingSite (C:\Users\apple\AppData\Roaming\npm\node_modules\firebase-tools\lib\getDefaultHostingSite.js:8:21)
    at async requireHostingSite (C:\Users\apple\AppData\Roaming\npm\node_modules\firebase-tools\lib\requireHostingSite.js:9:18)
    at async Object.fn (C:\Users\apple\AppData\Roaming\npm\node_modules\firebase-tools\lib\commands\deploy.js:65:9)
    at async C:\Users\apple\AppData\Roaming\npm\node_modules\firebase-tools\lib\command.js:169:17
[error] 
[error] Error: Failed to get Firebase project goldendao-8f9f8. Please make sure the project exists and your account has permission to access it.
